<?xml version="1.0" encoding="UTF-8" ?>
<testsuites>
  <testsuite errors="0" failures="5" hostname="sofs4" id="0" name="SponsorControllerSpec" package="com.tekdays" skipped="0" tests="7" time="0.299" timestamp="2021-10-26T11:59:29">
      <properties />

      <testcase classname="com.tekdays.SponsorControllerSpec" name="Test the index action returns the correct model" time="0.123" />

      <testcase classname="com.tekdays.SponsorControllerSpec" name="Test the create action returns the correct model" time="0.024">
          <failure message="Condition not satisfied:&#xa;&#xa;model.sponsor!= null&#xa;|     |      |&#xa;|     null   false&#xa;[sponsorInstance:420]&#xa;" type="junit.framework.AssertionFailedError">junit.framework.AssertionFailedError: Condition not satisfied:

model.sponsor!= null
|     |      |
|     null   false
[sponsorInstance:420]

	at com.tekdays.SponsorControllerSpec.Test the create action returns the correct model(SponsorControllerSpec.groovy:35)
</failure>

      </testcase>

      <testcase classname="com.tekdays.SponsorControllerSpec" name="Test the save action correctly persists an instance" time="0.024">
          <failure message="Condition not satisfied:&#xa;&#xa;model.sponsor!= null&#xa;|     |      |&#xa;|     null   false&#xa;[sponsorInstance:null]&#xa;" type="junit.framework.AssertionFailedError">junit.framework.AssertionFailedError: Condition not satisfied:

model.sponsor!= null
|     |      |
|     null   false
[sponsorInstance:null]

	at com.tekdays.SponsorControllerSpec.Test the save action correctly persists an instance(SponsorControllerSpec.groovy:49)
</failure>

      </testcase>

      <testcase classname="com.tekdays.SponsorControllerSpec" name="Test that the show action returns the correct model" time="0.025">
          <failure message="Condition not satisfied:&#xa;&#xa;model.sponsor == sponsor&#xa;|     |       |  |&#xa;|     null    |  420&#xa;|             false&#xa;[sponsorInstance:420]&#xa;" type="junit.framework.AssertionFailedError">junit.framework.AssertionFailedError: Condition not satisfied:

model.sponsor == sponsor
|     |       |  |
|     null    |  420
|             false
[sponsorInstance:420]

	at com.tekdays.SponsorControllerSpec.Test that the show action returns the correct model(SponsorControllerSpec.groovy:75)
</failure>

      </testcase>

      <testcase classname="com.tekdays.SponsorControllerSpec" name="Test that the edit action returns the correct model" time="0.023">
          <failure message="Condition not satisfied:&#xa;&#xa;model.sponsor == sponsor&#xa;|     |       |  |&#xa;|     null    |  420&#xa;|             false&#xa;[sponsorInstance:420]&#xa;" type="junit.framework.AssertionFailedError">junit.framework.AssertionFailedError: Condition not satisfied:

model.sponsor == sponsor
|     |       |  |
|     null    |  420
|             false
[sponsorInstance:420]

	at com.tekdays.SponsorControllerSpec.Test that the edit action returns the correct model(SponsorControllerSpec.groovy:91)
</failure>

      </testcase>

      <testcase classname="com.tekdays.SponsorControllerSpec" name="Test the update action performs an update on a valid domain instance" time="0.036">
          <failure message="Condition not satisfied:&#xa;&#xa;model.sponsor == sponsor&#xa;|     |       |  |&#xa;|     null    |  com.tekdays.Sponsor@6533629&#xa;|             false&#xa;[sponsorInstance:null]&#xa;" type="junit.framework.AssertionFailedError">junit.framework.AssertionFailedError: Condition not satisfied:

model.sponsor == sponsor
|     |       |  |
|     null    |  com.tekdays.Sponsor@6533629
|             false
[sponsorInstance:null]

	at com.tekdays.SponsorControllerSpec.Test the update action performs an update on a valid domain instance(SponsorControllerSpec.groovy:112)
</failure>

      </testcase>

      <testcase classname="com.tekdays.SponsorControllerSpec" name="Test that the delete action deletes an instance if it exists" time="0.037" />

      <system-out><![CDATA[--Output from Test the index action returns the correct model--
--Output from Test the create action returns the correct model--
--Output from Test the save action correctly persists an instance--
--Output from Test that the show action returns the correct model--
--Output from Test that the edit action returns the correct model--
--Output from Test the update action performs an update on a valid domain instance--
--Output from Test that the delete action deletes an instance if it exists--
]]></system-out>

      <system-err><![CDATA[--Output from Test the index action returns the correct model--
--Output from Test the create action returns the correct model--
--Output from Test the save action correctly persists an instance--
--Output from Test that the show action returns the correct model--
--Output from Test that the edit action returns the correct model--
--Output from Test the update action performs an update on a valid domain instance--
--Output from Test that the delete action deletes an instance if it exists--
]]></system-err>

  </testsuite>
  <testsuite errors="0" failures="6" hostname="sofs4" id="1" name="SponsorshipControllerSpec" package="com.tekdays" skipped="0" tests="7" time="0.238" timestamp="2021-10-26T11:59:30">
      <properties />

      <testcase classname="com.tekdays.SponsorshipControllerSpec" name="Test the index action returns the correct model" time="0.107">
          <failure message="Condition not satisfied:&#xa;&#xa;model.sponsorship == 0&#xa;|     |           |&#xa;|     null        false&#xa;[sponsorshipInstanceCount:0, emptyCollection:[]]&#xa;" type="junit.framework.AssertionFailedError">junit.framework.AssertionFailedError: Condition not satisfied:

model.sponsorship == 0
|     |           |
|     null        false
[sponsorshipInstanceCount:0, emptyCollection:[]]

	at com.tekdays.SponsorshipControllerSpec.Test the index action returns the correct model(SponsorshipControllerSpec.groovy:24)
</failure>

      </testcase>

      <testcase classname="com.tekdays.SponsorshipControllerSpec" name="Test the create action returns the correct model" time="0.014">
          <failure message="Condition not satisfied:&#xa;&#xa;model.sponsorship!= null&#xa;|     |          |&#xa;|     null       false&#xa;[sponsorshipInstance:com.tekdays.Sponsorship : (unsaved)]&#xa;" type="junit.framework.AssertionFailedError">junit.framework.AssertionFailedError: Condition not satisfied:

model.sponsorship!= null
|     |          |
|     null       false
[sponsorshipInstance:com.tekdays.Sponsorship : (unsaved)]

	at com.tekdays.SponsorshipControllerSpec.Test the create action returns the correct model(SponsorshipControllerSpec.groovy:32)
</failure>

      </testcase>

      <testcase classname="com.tekdays.SponsorshipControllerSpec" name="Test the save action correctly persists an instance" time="0.022">
          <failure message="Condition not satisfied:&#xa;&#xa;model.sponsorship!= null&#xa;|     |          |&#xa;|     null       false&#xa;[sponsorshipInstance:com.tekdays.Sponsorship : (unsaved)]&#xa;" type="junit.framework.AssertionFailedError">junit.framework.AssertionFailedError: Condition not satisfied:

model.sponsorship!= null
|     |          |
|     null       false
[sponsorshipInstance:com.tekdays.Sponsorship : (unsaved)]

	at com.tekdays.SponsorshipControllerSpec.Test the save action correctly persists an instance(SponsorshipControllerSpec.groovy:45)
</failure>

      </testcase>

      <testcase classname="com.tekdays.SponsorshipControllerSpec" name="Test that the show action returns the correct model" time="0.021">
          <failure message="Condition not satisfied:&#xa;&#xa;model.sponsorship == sponsorship&#xa;|     |           |  |&#xa;|     null        |  com.tekdays.Sponsorship : (unsaved)&#xa;|                 false&#xa;[sponsorshipInstance:com.tekdays.Sponsorship : (unsaved)]&#xa;" type="junit.framework.AssertionFailedError">junit.framework.AssertionFailedError: Condition not satisfied:

model.sponsorship == sponsorship
|     |           |  |
|     null        |  com.tekdays.Sponsorship : (unsaved)
|                 false
[sponsorshipInstance:com.tekdays.Sponsorship : (unsaved)]

	at com.tekdays.SponsorshipControllerSpec.Test that the show action returns the correct model(SponsorshipControllerSpec.groovy:74)
</failure>

      </testcase>

      <testcase classname="com.tekdays.SponsorshipControllerSpec" name="Test that the edit action returns the correct model" time="0.018">
          <failure message="Condition not satisfied:&#xa;&#xa;model.sponsorship == sponsorship&#xa;|     |           |  |&#xa;|     null        |  com.tekdays.Sponsorship : (unsaved)&#xa;|                 false&#xa;[sponsorshipInstance:com.tekdays.Sponsorship : (unsaved)]&#xa;" type="junit.framework.AssertionFailedError">junit.framework.AssertionFailedError: Condition not satisfied:

model.sponsorship == sponsorship
|     |           |  |
|     null        |  com.tekdays.Sponsorship : (unsaved)
|                 false
[sponsorshipInstance:com.tekdays.Sponsorship : (unsaved)]

	at com.tekdays.SponsorshipControllerSpec.Test that the edit action returns the correct model(SponsorshipControllerSpec.groovy:90)
</failure>

      </testcase>

      <testcase classname="com.tekdays.SponsorshipControllerSpec" name="Test the update action performs an update on a valid domain instance" time="0.03">
          <failure message="Condition not satisfied:&#xa;&#xa;model.sponsorship == sponsorship&#xa;|     |           |  |&#xa;|     null        |  com.tekdays.Sponsorship : (unsaved)&#xa;|                 false&#xa;[sponsorshipInstance:com.tekdays.Sponsorship : (unsaved)]&#xa;" type="junit.framework.AssertionFailedError">junit.framework.AssertionFailedError: Condition not satisfied:

model.sponsorship == sponsorship
|     |           |  |
|     null        |  com.tekdays.Sponsorship : (unsaved)
|                 false
[sponsorshipInstance:com.tekdays.Sponsorship : (unsaved)]

	at com.tekdays.SponsorshipControllerSpec.Test the update action performs an update on a valid domain instance(SponsorshipControllerSpec.groovy:112)
</failure>

      </testcase>

      <testcase classname="com.tekdays.SponsorshipControllerSpec" name="Test that the delete action deletes an instance if it exists" time="0.02" />

      <system-out><![CDATA[--Output from Test the index action returns the correct model--
--Output from Test the create action returns the correct model--
--Output from Test the save action correctly persists an instance--
--Output from Test that the show action returns the correct model--
--Output from Test that the edit action returns the correct model--
--Output from Test the update action performs an update on a valid domain instance--
--Output from Test that the delete action deletes an instance if it exists--
]]></system-out>

      <system-err><![CDATA[--Output from Test the index action returns the correct model--
--Output from Test the create action returns the correct model--
--Output from Test the save action correctly persists an instance--
--Output from Test that the show action returns the correct model--
--Output from Test that the edit action returns the correct model--
--Output from Test the update action performs an update on a valid domain instance--
--Output from Test that the delete action deletes an instance if it exists--
]]></system-err>

  </testsuite>
  <testsuite errors="0" failures="5" hostname="sofs4" id="2" name="TaskControllerSpec" package="com.tekdays" skipped="0" tests="7" time="0.273" timestamp="2021-10-26T11:59:29">
      <properties />

      <testcase classname="com.tekdays.TaskControllerSpec" name="Test the index action returns the correct model" time="0.111" />

      <testcase classname="com.tekdays.TaskControllerSpec" name="Test the create action returns the correct model" time="0.02">
          <failure message="Condition not satisfied:&#xa;&#xa;model.task!= null&#xa;|     |   |&#xa;|     |   false&#xa;|     null&#xa;[taskInstance:420]&#xa;" type="junit.framework.AssertionFailedError">junit.framework.AssertionFailedError: Condition not satisfied:

model.task!= null
|     |   |
|     |   false
|     null
[taskInstance:420]

	at com.tekdays.TaskControllerSpec.Test the create action returns the correct model(TaskControllerSpec.groovy:33)
</failure>

      </testcase>

      <testcase classname="com.tekdays.TaskControllerSpec" name="Test the save action correctly persists an instance" time="0.02">
          <failure message="Condition not satisfied:&#xa;&#xa;model.task!= null&#xa;|     |   |&#xa;|     |   false&#xa;|     null&#xa;[taskInstance:null]&#xa;" type="junit.framework.AssertionFailedError">junit.framework.AssertionFailedError: Condition not satisfied:

model.task!= null
|     |   |
|     |   false
|     null
[taskInstance:null]

	at com.tekdays.TaskControllerSpec.Test the save action correctly persists an instance(TaskControllerSpec.groovy:47)
</failure>

      </testcase>

      <testcase classname="com.tekdays.TaskControllerSpec" name="Test that the show action returns the correct model" time="0.022">
          <failure message="Condition not satisfied:&#xa;&#xa;model.task == task&#xa;|     |    |  |&#xa;|     null |  420&#xa;|          false&#xa;[taskInstance:420]&#xa;" type="junit.framework.AssertionFailedError">junit.framework.AssertionFailedError: Condition not satisfied:

model.task == task
|     |    |  |
|     null |  420
|          false
[taskInstance:420]

	at com.tekdays.TaskControllerSpec.Test that the show action returns the correct model(TaskControllerSpec.groovy:76)
</failure>

      </testcase>

      <testcase classname="com.tekdays.TaskControllerSpec" name="Test that the edit action returns the correct model" time="0.019">
          <failure message="Condition not satisfied:&#xa;&#xa;model.task == task&#xa;|     |    |  |&#xa;|     null |  420&#xa;|          false&#xa;[taskInstance:420]&#xa;" type="junit.framework.AssertionFailedError">junit.framework.AssertionFailedError: Condition not satisfied:

model.task == task
|     |    |  |
|     null |  420
|          false
[taskInstance:420]

	at com.tekdays.TaskControllerSpec.Test that the edit action returns the correct model(TaskControllerSpec.groovy:92)
</failure>

      </testcase>

      <testcase classname="com.tekdays.TaskControllerSpec" name="Test the update action performs an update on a valid domain instance" time="0.054">
          <failure message="Condition not satisfied:&#xa;&#xa;model.task == task&#xa;|     |    |  |&#xa;|     null |  com.tekdays.Task@6cde0c69&#xa;|          false&#xa;[taskInstance:null]&#xa;" type="junit.framework.AssertionFailedError">junit.framework.AssertionFailedError: Condition not satisfied:

model.task == task
|     |    |  |
|     null |  com.tekdays.Task@6cde0c69
|          false
[taskInstance:null]

	at com.tekdays.TaskControllerSpec.Test the update action performs an update on a valid domain instance(TaskControllerSpec.groovy:114)
</failure>

      </testcase>

      <testcase classname="com.tekdays.TaskControllerSpec" name="Test that the delete action deletes an instance if it exists" time="0.021" />

      <system-out><![CDATA[--Output from Test the index action returns the correct model--
--Output from Test the create action returns the correct model--
--Output from Test the save action correctly persists an instance--
--Output from Test that the show action returns the correct model--
--Output from Test that the edit action returns the correct model--
--Output from Test the update action performs an update on a valid domain instance--
--Output from Test that the delete action deletes an instance if it exists--
]]></system-out>

      <system-err><![CDATA[--Output from Test the index action returns the correct model--
--Output from Test the create action returns the correct model--
--Output from Test the save action correctly persists an instance--
--Output from Test that the show action returns the correct model--
--Output from Test that the edit action returns the correct model--
--Output from Test the update action performs an update on a valid domain instance--
--Output from Test that the delete action deletes an instance if it exists--
]]></system-err>

  </testsuite>
  <testsuite errors="0" failures="2" hostname="sofs4" id="3" name="TekEventControllerSpec" package="com.tekdays" skipped="0" tests="7" time="0.322" timestamp="2021-10-26T11:59:29">
      <properties />

      <testcase classname="com.tekdays.TekEventControllerSpec" name="Test the index action returns the correct model" time="0.131" />

      <testcase classname="com.tekdays.TekEventControllerSpec" name="Test the create action returns the correct model" time="0.019" />

      <testcase classname="com.tekdays.TekEventControllerSpec" name="Test the save action correctly persists an instance" time="0.028">
          <failure message="Condition not satisfied:&#xa;&#xa;TekEvent.count() == 1&#xa;         |       |&#xa;         0       false&#xa;" type="junit.framework.AssertionFailedError">junit.framework.AssertionFailedError: Condition not satisfied:

TekEvent.count() == 1
         |       |
         0       false

	at com.tekdays.TekEventControllerSpec.Test the save action correctly persists an instance(TekEventControllerSpec.groovy:59)
</failure>

      </testcase>

      <testcase classname="com.tekdays.TekEventControllerSpec" name="Test that the show action returns the correct model" time="0.024" />

      <testcase classname="com.tekdays.TekEventControllerSpec" name="Test that the edit action returns the correct model" time="0.02" />

      <testcase classname="com.tekdays.TekEventControllerSpec" name="Test the update action performs an update on a valid domain instance" time="0.067" />

      <testcase classname="com.tekdays.TekEventControllerSpec" name="Test that the delete action deletes an instance if it exists" time="0.024">
          <failure message="Condition not satisfied:&#xa;&#xa;TekEvent.count() == 2&#xa;         |       |&#xa;         0       false&#xa;" type="junit.framework.AssertionFailedError">junit.framework.AssertionFailedError: Condition not satisfied:

TekEvent.count() == 2
         |       |
         0       false

	at com.tekdays.TekEventControllerSpec.Test that the delete action deletes an instance if it exists(TekEventControllerSpec.groovy:142)
</failure>

      </testcase>

      <system-out><![CDATA[--Output from Test the index action returns the correct model--
--Output from Test the create action returns the correct model--
--Output from Test the save action correctly persists an instance--
--Output from Test that the show action returns the correct model--
--Output from Test that the edit action returns the correct model--
--Output from Test the update action performs an update on a valid domain instance--
--Output from Test that the delete action deletes an instance if it exists--
]]></system-out>

      <system-err><![CDATA[--Output from Test the index action returns the correct model--
--Output from Test the create action returns the correct model--
--Output from Test the save action correctly persists an instance--
--Output from Test that the show action returns the correct model--
--Output from Test that the edit action returns the correct model--
--Output from Test the update action performs an update on a valid domain instance--
--Output from Test that the delete action deletes an instance if it exists--
]]></system-err>

  </testsuite>
  <testsuite errors="0" failures="0" hostname="sofs4" id="4" name="TekEventSpec" package="com.tekdays" skipped="0" tests="1" time="0.067" timestamp="2021-10-26T11:59:29">
      <properties />

      <testcase classname="com.tekdays.TekEventSpec" name="test toString" time="0.063" />

      <system-out><![CDATA[--Output from test toString--
]]></system-out>

      <system-err><![CDATA[--Output from test toString--
]]></system-err>

  </testsuite>
  <testsuite errors="0" failures="2" hostname="sofs4" id="5" name="TekMessageControllerSpec" package="com.tekdays" skipped="0" tests="7" time="2.327" timestamp="2021-10-26T11:59:26">
      <properties />

      <testcase classname="com.tekdays.TekMessageControllerSpec" name="Test the index action returns the correct model" time="1.901" />

      <testcase classname="com.tekdays.TekMessageControllerSpec" name="Test the create action returns the correct model" time="0.088" />

      <testcase classname="com.tekdays.TekMessageControllerSpec" name="Test the save action correctly persists an instance" time="0.149">
          <failure message="Condition not satisfied:&#xa;&#xa;model.tekMessage != null&#xa;|     |          |&#xa;[:]   null       false&#xa;" type="junit.framework.AssertionFailedError">junit.framework.AssertionFailedError: Condition not satisfied:

model.tekMessage != null
|     |          |
[:]   null       false

	at com.tekdays.TekMessageControllerSpec.Test the save action correctly persists an instance(TekMessageControllerSpec.groovy:49)
</failure>

      </testcase>

      <testcase classname="com.tekdays.TekMessageControllerSpec" name="Test that the show action returns the correct model" time="0.032" />

      <testcase classname="com.tekdays.TekMessageControllerSpec" name="Test that the edit action returns the correct model" time="0.027" />

      <testcase classname="com.tekdays.TekMessageControllerSpec" name="Test the update action performs an update on a valid domain instance" time="0.055">
          <failure message="Condition not satisfied:&#xa;&#xa;model.tekMessage == tekMessage&#xa;|     |          |  |&#xa;|     null       |  Subject: null, Author: null&#xa;|                false&#xa;[tekMessageInstance:Subject: null, Author: null]&#xa;" type="junit.framework.AssertionFailedError">junit.framework.AssertionFailedError: Condition not satisfied:

model.tekMessage == tekMessage
|     |          |  |
|     null       |  Subject: null, Author: null
|                false
[tekMessageInstance:Subject: null, Author: null]

	at com.tekdays.TekMessageControllerSpec.Test the update action performs an update on a valid domain instance(TekMessageControllerSpec.groovy:112)
</failure>

      </testcase>

      <testcase classname="com.tekdays.TekMessageControllerSpec" name="Test that the delete action deletes an instance if it exists" time="0.042" />

      <system-out><![CDATA[--Output from Test the index action returns the correct model--
--Output from Test the create action returns the correct model--
--Output from Test the save action correctly persists an instance--
--Output from Test that the show action returns the correct model--
--Output from Test that the edit action returns the correct model--
--Output from Test the update action performs an update on a valid domain instance--
--Output from Test that the delete action deletes an instance if it exists--
]]></system-out>

      <system-err><![CDATA[--Output from Test the index action returns the correct model--
--Output from Test the create action returns the correct model--
--Output from Test the save action correctly persists an instance--
--Output from Test that the show action returns the correct model--
--Output from Test that the edit action returns the correct model--
--Output from Test the update action performs an update on a valid domain instance--
--Output from Test that the delete action deletes an instance if it exists--
]]></system-err>

  </testsuite>
  <testsuite errors="0" failures="5" hostname="sofs4" id="6" name="TekUserControllerSpec" package="com.tekdays" skipped="0" tests="7" time="0.225" timestamp="2021-10-26T11:59:30">
      <properties />

      <testcase classname="com.tekdays.TekUserControllerSpec" name="Test the index action returns the correct model" time="0.089" />

      <testcase classname="com.tekdays.TekUserControllerSpec" name="Test the create action returns the correct model" time="0.013">
          <failure message="Condition not satisfied:&#xa;&#xa;model.tekUser!= null&#xa;|     |      |&#xa;|     null   false&#xa;[tekUserInstance:null]&#xa;" type="junit.framework.AssertionFailedError">junit.framework.AssertionFailedError: Condition not satisfied:

model.tekUser!= null
|     |      |
|     null   false
[tekUserInstance:null]

	at com.tekdays.TekUserControllerSpec.Test the create action returns the correct model(TekUserControllerSpec.groovy:33)
</failure>

      </testcase>

      <testcase classname="com.tekdays.TekUserControllerSpec" name="Test the save action correctly persists an instance" time="0.023">
          <failure message="Condition not satisfied:&#xa;&#xa;model.tekUser!= null&#xa;|     |      |&#xa;|     null   false&#xa;[tekUserInstance:null]&#xa;" type="junit.framework.AssertionFailedError">junit.framework.AssertionFailedError: Condition not satisfied:

model.tekUser!= null
|     |      |
|     null   false
[tekUserInstance:null]

	at com.tekdays.TekUserControllerSpec.Test the save action correctly persists an instance(TekUserControllerSpec.groovy:46)
</failure>

      </testcase>

      <testcase classname="com.tekdays.TekUserControllerSpec" name="Test that the show action returns the correct model" time="0.022">
          <failure message="Condition not satisfied:&#xa;&#xa;model.tekUser == tekUser&#xa;|     |       |  |&#xa;|     null    |  com.tekdays.TekUser@13aa54f1&#xa;|             false&#xa;[tekUserInstance:null]&#xa;" type="junit.framework.AssertionFailedError">junit.framework.AssertionFailedError: Condition not satisfied:

model.tekUser == tekUser
|     |       |  |
|     null    |  com.tekdays.TekUser@13aa54f1
|             false
[tekUserInstance:null]

	at com.tekdays.TekUserControllerSpec.Test that the show action returns the correct model(TekUserControllerSpec.groovy:75)
</failure>

      </testcase>

      <testcase classname="com.tekdays.TekUserControllerSpec" name="Test that the edit action returns the correct model" time="0.017">
          <failure message="Condition not satisfied:&#xa;&#xa;model.tekUser == tekUser&#xa;|     |       |  |&#xa;|     null    |  com.tekdays.TekUser@74e4be21&#xa;|             false&#xa;[tekUserInstance:null]&#xa;" type="junit.framework.AssertionFailedError">junit.framework.AssertionFailedError: Condition not satisfied:

model.tekUser == tekUser
|     |       |  |
|     null    |  com.tekdays.TekUser@74e4be21
|             false
[tekUserInstance:null]

	at com.tekdays.TekUserControllerSpec.Test that the edit action returns the correct model(TekUserControllerSpec.groovy:91)
</failure>

      </testcase>

      <testcase classname="com.tekdays.TekUserControllerSpec" name="Test the update action performs an update on a valid domain instance" time="0.036">
          <failure message="Condition not satisfied:&#xa;&#xa;model.tekUser == tekUser&#xa;|     |       |  |&#xa;|     null    |  com.tekdays.TekUser@cfacf0&#xa;|             false&#xa;[tekUserInstance:null]&#xa;" type="junit.framework.AssertionFailedError">junit.framework.AssertionFailedError: Condition not satisfied:

model.tekUser == tekUser
|     |       |  |
|     null    |  com.tekdays.TekUser@cfacf0
|             false
[tekUserInstance:null]

	at com.tekdays.TekUserControllerSpec.Test the update action performs an update on a valid domain instance(TekUserControllerSpec.groovy:113)
</failure>

      </testcase>

      <testcase classname="com.tekdays.TekUserControllerSpec" name="Test that the delete action deletes an instance if it exists" time="0.018" />

      <system-out><![CDATA[--Output from Test the index action returns the correct model--
--Output from Test the create action returns the correct model--
--Output from Test the save action correctly persists an instance--
--Output from Test that the show action returns the correct model--
--Output from Test that the edit action returns the correct model--
--Output from Test the update action performs an update on a valid domain instance--
--Output from Test that the delete action deletes an instance if it exists--
]]></system-out>

      <system-err><![CDATA[--Output from Test the index action returns the correct model--
--Output from Test the create action returns the correct model--
--Output from Test the save action correctly persists an instance--
--Output from Test that the show action returns the correct model--
--Output from Test that the edit action returns the correct model--
--Output from Test the update action performs an update on a valid domain instance--
--Output from Test that the delete action deletes an instance if it exists--
]]></system-err>

  </testsuite>
  <testsuite errors="0" failures="0" hostname="sofs4" id="7" name="TekUserSpec" package="com.tekdays" skipped="0" tests="1" time="0.057" timestamp="2021-10-26T11:59:29">
      <properties />

      <testcase classname="com.tekdays.TekUserSpec" name="test toString" time="0.052" />

      <system-out><![CDATA[--Output from test toString--
]]></system-out>

      <system-err><![CDATA[--Output from test toString--
]]></system-err>

  </testsuite>
</testsuites>
