2021-10-19 15:22:57,692 [main] ERROR StackTrace  - Full Stack Trace:
java.lang.Exception: No tests found matching grails test target pattern filter from org.junit.runner.Request$1@4b0b64cc
	at org.junit.internal.requests.FilterRequest.getRunner(FilterRequest.java:40)
	at org.junit.runner.JUnitCore.run(JUnitCore.java:115)
	at org.junit.runner.JUnitCore$run$0.call(Unknown Source)
	at org.codehaus.groovy.runtime.callsite.CallSiteArray.defaultCall(CallSiteArray.java:48)
	at org.codehaus.groovy.runtime.callsite.AbstractCallSite.call(AbstractCallSite.java:113)
	at org.codehaus.groovy.runtime.callsite.AbstractCallSite.call(AbstractCallSite.java:125)
	at org.codehaus.groovy.grails.test.spock.GrailsSpecTestType.doRun(GrailsSpecTestType.groovy:147)
	at org.codehaus.groovy.grails.test.support.GrailsTestTypeSupport.run(GrailsTestTypeSupport.groovy:121)
	at org.codehaus.groovy.grails.test.runner.GrailsProjectTestRunner.runTests(GrailsProjectTestRunner.groovy:415)
	at org.codehaus.groovy.grails.test.runner.GrailsProjectTestRunner.processTests(GrailsProjectTestRunner.groovy:395)
	at sun.reflect.NativeMethodAccessorImpl.invoke0(Native Method)
	at sun.reflect.NativeMethodAccessorImpl.invoke(NativeMethodAccessorImpl.java:62)
	at sun.reflect.DelegatingMethodAccessorImpl.invoke(DelegatingMethodAccessorImpl.java:43)
	at java.lang.reflect.Method.invoke(Method.java:498)
	at org.springsource.loaded.ri.ReflectiveInterceptor.jlrMethodInvoke(ReflectiveInterceptor.java:1426)
	at org.codehaus.groovy.reflection.CachedMethod.invoke(CachedMethod.java:93)
	at groovy.lang.MetaMethod.doMethodInvoke(MetaMethod.java:325)
	at groovy.lang.MetaClassImpl.invokeMethod(MetaClassImpl.java:1218)
	at groovy.lang.ExpandoMetaClass.invokeMethod(ExpandoMetaClass.java:1125)
	at groovy.lang.MetaClassImpl.invokeMethod(MetaClassImpl.java:1027)
	at groovy.lang.MetaClassImpl.invokeMethod(MetaClassImpl.java:1163)
	at groovy.lang.ExpandoMetaClass.invokeMethod(ExpandoMetaClass.java:1125)
	at groovy.lang.MetaClassImpl.invokeMethod(MetaClassImpl.java:1027)
	at org.codehaus.groovy.runtime.callsite.PogoMetaClassSite.callCurrent(PogoMetaClassSite.java:69)
	at org.codehaus.groovy.runtime.callsite.CallSiteArray.defaultCallCurrent(CallSiteArray.java:52)
	at org.codehaus.groovy.runtime.callsite.AbstractCallSite.callCurrent(AbstractCallSite.java:154)
	at org.codehaus.groovy.runtime.callsite.AbstractCallSite.callCurrent(AbstractCallSite.java:166)
	at org.codehaus.groovy.grails.test.runner.GrailsProjectTestRunner$_runAllTests_closure7.doCall(GrailsProjectTestRunner.groovy:314)
	at sun.reflect.NativeMethodAccessorImpl.invoke0(Native Method)
	at sun.reflect.NativeMethodAccessorImpl.invoke(NativeMethodAccessorImpl.java:62)
	at sun.reflect.DelegatingMethodAccessorImpl.invoke(DelegatingMethodAccessorImpl.java:43)
	at java.lang.reflect.Method.invoke(Method.java:498)
	at org.springsource.loaded.ri.ReflectiveInterceptor.jlrMethodInvoke(ReflectiveInterceptor.java:1426)
	at org.codehaus.groovy.reflection.CachedMethod.invoke(CachedMethod.java:93)
	at groovy.lang.MetaMethod.doMethodInvoke(MetaMethod.java:325)
	at groovy.lang.MetaClassImpl.invokeMethod(MetaClassImpl.java:1218)
	at groovy.lang.ExpandoMetaClass.invokeMethod(ExpandoMetaClass.java:1125)
	at groovy.lang.MetaClassImpl.invokeMethod(MetaClassImpl.java:1027)
	at groovy.lang.Closure.call(Closure.java:414)
	at org.codehaus.groovy.runtime.DefaultGroovyMethods.callClosureForMapEntry(DefaultGroovyMethods.java:5226)
	at org.codehaus.groovy.runtime.DefaultGroovyMethods.each(DefaultGroovyMethods.java:2107)
	at org.codehaus.groovy.runtime.dgm$163.invoke(Unknown Source)
	at org.codehaus.groovy.runtime.callsite.PojoMetaMethodSite$PojoMetaMethodSiteNoUnwrapNoCoerce.invoke(PojoMetaMethodSite.java:274)
	at org.codehaus.groovy.runtime.callsite.PojoMetaMethodSite.call(PojoMetaMethodSite.java:56)
	at org.codehaus.groovy.runtime.callsite.CallSiteArray.defaultCall(CallSiteArray.java:48)
	at org.codehaus.groovy.runtime.callsite.AbstractCallSite.call(AbstractCallSite.java:113)
	at org.codehaus.groovy.runtime.callsite.AbstractCallSite.call(AbstractCallSite.java:125)
	at org.codehaus.groovy.grails.test.runner.GrailsProjectTestRunner.runAllTests(GrailsProjectTestRunner.groovy:300)
	at org.codehaus.groovy.grails.test.runner.GrailsProjectTestRunner.runAllTests(GrailsProjectTestRunner.groovy:215)
	at org.codehaus.groovy.grails.test.runner.GrailsProjectTestRunner.runAllTests(GrailsProjectTestRunner.groovy)
	at org.codehaus.groovy.grails.test.runner.GrailsProjectTestRunner$runAllTests$0.call(Unknown Source)
	at org.codehaus.groovy.runtime.callsite.CallSiteArray.defaultCall(CallSiteArray.java:48)
	at org.codehaus.groovy.runtime.callsite.AbstractCallSite.call(AbstractCallSite.java:113)
	at org.codehaus.groovy.runtime.callsite.AbstractCallSite.call(AbstractCallSite.java:125)
	at org.codehaus.groovy.grails.cli.fork.testing.ForkedGrailsTestRunner.runInstance(ForkedGrailsTestRunner.groovy:128)
	at org.codehaus.groovy.grails.cli.fork.ForkedGrailsProjectClassExecutor.run(ForkedGrailsProjectClassExecutor.groovy:74)
	at org.codehaus.groovy.grails.cli.fork.testing.ForkedGrailsTestRunner.main(ForkedGrailsTestRunner.groovy:75)
2021-10-19 15:22:57,694 [main] ERROR StackTrace  - Full Stack Trace:
java.lang.Exception: No tests found matching grails test target pattern filter from org.junit.runner.Request$1@4b0b64cc
	at org.junit.internal.requests.FilterRequest.getRunner(FilterRequest.java:40)
	at org.junit.runner.JUnitCore.run(JUnitCore.java:115)
2021-10-19 15:22:57,695 [main] ERROR StackTrace  - Full Stack Trace:
java.lang.Exception: No tests found matching grails test target pattern filter from org.junit.runner.Request$1@4b0b64cc
	at org.junit.internal.requests.FilterRequest.getRunner(FilterRequest.java:40)
	at org.junit.runner.JUnitCore.run(JUnitCore.java:115)
2021-10-19 15:22:57,695 [main] ERROR StackTrace  - Full Stack Trace:
java.lang.Exception: No tests found matching grails test target pattern filter from org.junit.runner.Request$1@4b0b64cc
	at org.junit.internal.requests.FilterRequest.getRunner(FilterRequest.java:40)
	at org.junit.runner.JUnitCore.run(JUnitCore.java:115)
2021-10-19 15:22:57,700 [main] ERROR StackTrace  - Full Stack Trace:
java.lang.Exception: No tests found matching grails test target pattern filter from org.junit.runner.Request$1@4b0b64cc
	at org.junit.internal.requests.FilterRequest.getRunner(FilterRequest.java:40)
	at org.junit.runner.JUnitCore.run(JUnitCore.java:115)
2021-10-19 15:22:57,700 [main] ERROR StackTrace  - Full Stack Trace:
java.lang.Exception: No tests found matching grails test target pattern filter from org.junit.runner.Request$1@4b0b64cc
	at org.junit.internal.requests.FilterRequest.getRunner(FilterRequest.java:40)
	at org.junit.runner.JUnitCore.run(JUnitCore.java:115)
2021-10-19 15:39:41,393 [main] ERROR StackTrace  - Full Stack Trace:
Condition not satisfied:

tekUser.toString() == 'James Bond'
|       |          |
|       null       false
com.tekdays.TekUser@6acffb2d

	at com.tekdays.TekUserControllerSpec.test toString(TekUserControllerSpec.groovy:22)
2021-10-19 15:39:41,396 [main] ERROR StackTrace  - Full Stack Trace:
Condition not satisfied:

tekUser.toString() == 'James Bond'
|       |          |
|       null       false
com.tekdays.TekUser@6acffb2d

	at com.tekdays.TekUserControllerSpec.test toString(TekUserControllerSpec.groovy:22)
2021-10-19 15:39:41,397 [main] ERROR StackTrace  - Full Stack Trace:
junit.framework.AssertionFailedError: Condition not satisfied:

tekUser.toString() == 'James Bond'
|       |          |
|       null       false
com.tekdays.TekUser@6acffb2d

	at com.tekdays.TekUserControllerSpec.test toString(TekUserControllerSpec.groovy:22)
2021-10-19 15:39:41,397 [main] ERROR StackTrace  - Full Stack Trace:
junit.framework.AssertionFailedError: Condition not satisfied:

tekUser.toString() == 'James Bond'
|       |          |
|       null       false
com.tekdays.TekUser@6acffb2d

	at com.tekdays.TekUserControllerSpec.test toString(TekUserControllerSpec.groovy:22)
2021-10-19 15:39:41,402 [main] ERROR StackTrace  - Full Stack Trace:
junit.framework.AssertionFailedError: Condition not satisfied:

tekUser.toString() == 'James Bond'
|       |          |
|       null       false
com.tekdays.TekUser@6acffb2d

	at com.tekdays.TekUserControllerSpec.test toString(TekUserControllerSpec.groovy:22)
2021-10-19 15:39:41,402 [main] ERROR StackTrace  - Full Stack Trace:
junit.framework.AssertionFailedError: Condition not satisfied:

tekUser.toString() == 'James Bond'
|       |          |
|       null       false
com.tekdays.TekUser@6acffb2d

	at com.tekdays.TekUserControllerSpec.test toString(TekUserControllerSpec.groovy:22)
2021-10-19 15:47:18,909 [main] ERROR StackTrace  - Full Stack Trace:
Condition not satisfied:

tekUser.toString() == 'James Bond'
|       |          |
|       null       false
com.tekdays.TekUser@58278366

	at com.tekdays.TekUserSpec.test toString(TekUserSpec.groovy:22)
2021-10-19 15:47:18,912 [main] ERROR StackTrace  - Full Stack Trace:
Condition not satisfied:

tekUser.toString() == 'James Bond'
|       |          |
|       null       false
com.tekdays.TekUser@58278366

	at com.tekdays.TekUserSpec.test toString(TekUserSpec.groovy:22)
2021-10-19 15:47:18,913 [main] ERROR StackTrace  - Full Stack Trace:
junit.framework.AssertionFailedError: Condition not satisfied:

tekUser.toString() == 'James Bond'
|       |          |
|       null       false
com.tekdays.TekUser@58278366

	at com.tekdays.TekUserSpec.test toString(TekUserSpec.groovy:22)
2021-10-19 15:47:18,913 [main] ERROR StackTrace  - Full Stack Trace:
junit.framework.AssertionFailedError: Condition not satisfied:

tekUser.toString() == 'James Bond'
|       |          |
|       null       false
com.tekdays.TekUser@58278366

	at com.tekdays.TekUserSpec.test toString(TekUserSpec.groovy:22)
2021-10-19 15:47:18,918 [main] ERROR StackTrace  - Full Stack Trace:
junit.framework.AssertionFailedError: Condition not satisfied:

tekUser.toString() == 'James Bond'
|       |          |
|       null       false
com.tekdays.TekUser@58278366

	at com.tekdays.TekUserSpec.test toString(TekUserSpec.groovy:22)
2021-10-19 15:47:18,918 [main] ERROR StackTrace  - Full Stack Trace:
junit.framework.AssertionFailedError: Condition not satisfied:

tekUser.toString() == 'James Bond'
|       |          |
|       null       false
com.tekdays.TekUser@58278366

	at com.tekdays.TekUserSpec.test toString(TekUserSpec.groovy:22)
2021-10-19 15:48:23,703 [main] ERROR StackTrace  - Full Stack Trace:
Condition not satisfied:

tekUser.toString() == 'John Doe'
|       |          |
|       null       false
com.tekdays.TekUser@12d40609

	at com.tekdays.TekUserSpec.test toString(TekUserSpec.groovy:22)
2021-10-19 15:48:23,706 [main] ERROR StackTrace  - Full Stack Trace:
Condition not satisfied:

tekUser.toString() == 'John Doe'
|       |          |
|       null       false
com.tekdays.TekUser@12d40609

	at com.tekdays.TekUserSpec.test toString(TekUserSpec.groovy:22)
2021-10-19 15:48:23,707 [main] ERROR StackTrace  - Full Stack Trace:
junit.framework.AssertionFailedError: Condition not satisfied:

tekUser.toString() == 'John Doe'
|       |          |
|       null       false
com.tekdays.TekUser@12d40609

	at com.tekdays.TekUserSpec.test toString(TekUserSpec.groovy:22)
2021-10-19 15:48:23,707 [main] ERROR StackTrace  - Full Stack Trace:
junit.framework.AssertionFailedError: Condition not satisfied:

tekUser.toString() == 'John Doe'
|       |          |
|       null       false
com.tekdays.TekUser@12d40609

	at com.tekdays.TekUserSpec.test toString(TekUserSpec.groovy:22)
2021-10-19 15:48:23,711 [main] ERROR StackTrace  - Full Stack Trace:
junit.framework.AssertionFailedError: Condition not satisfied:

tekUser.toString() == 'John Doe'
|       |          |
|       null       false
com.tekdays.TekUser@12d40609

	at com.tekdays.TekUserSpec.test toString(TekUserSpec.groovy:22)
2021-10-19 15:48:23,711 [main] ERROR StackTrace  - Full Stack Trace:
junit.framework.AssertionFailedError: Condition not satisfied:

tekUser.toString() == 'John Doe'
|       |          |
|       null       false
com.tekdays.TekUser@12d40609

	at com.tekdays.TekUserSpec.test toString(TekUserSpec.groovy:22)
