Testsuite: com.tekdays.TekUserControllerSpec
Tests run: 7, Failures: 5, Errors: 0, Skipped: 0, Time elapsed: 0.225 sec
------------- Standard Output ---------------
--Output from Test the index action returns the correct model--
--Output from Test the create action returns the correct model--
--Output from Test the save action correctly persists an instance--
--Output from Test that the show action returns the correct model--
--Output from Test that the edit action returns the correct model--
--Output from Test the update action performs an update on a valid domain instance--
--Output from Test that the delete action deletes an instance if it exists--
------------- ---------------- ---------------
------------- Standard Error -----------------
--Output from Test the index action returns the correct model--
--Output from Test the create action returns the correct model--
--Output from Test the save action correctly persists an instance--
--Output from Test that the show action returns the correct model--
--Output from Test that the edit action returns the correct model--
--Output from Test the update action performs an update on a valid domain instance--
--Output from Test that the delete action deletes an instance if it exists--
------------- ---------------- ---------------

Testcase: Test the index action returns the correct model took 0.089 sec
Testcase: Test the create action returns the correct model took 0.012 sec
	FAILED
Condition not satisfied:

model.tekUser!= null
|     |      |
|     null   false
[tekUserInstance:null]

junit.framework.AssertionFailedError: Condition not satisfied:

model.tekUser!= null
|     |      |
|     null   false
[tekUserInstance:null]

	at com.tekdays.TekUserControllerSpec.Test the create action returns the correct model(TekUserControllerSpec.groovy:33)

Testcase: Test the save action correctly persists an instance took 0.022 sec
	FAILED
Condition not satisfied:

model.tekUser!= null
|     |      |
|     null   false
[tekUserInstance:null]

junit.framework.AssertionFailedError: Condition not satisfied:

model.tekUser!= null
|     |      |
|     null   false
[tekUserInstance:null]

	at com.tekdays.TekUserControllerSpec.Test the save action correctly persists an instance(TekUserControllerSpec.groovy:46)

Testcase: Test that the show action returns the correct model took 0.021 sec
	FAILED
Condition not satisfied:

model.tekUser == tekUser
|     |       |  |
|     null    |  com.tekdays.TekUser@13aa54f1
|             false
[tekUserInstance:null]

junit.framework.AssertionFailedError: Condition not satisfied:

model.tekUser == tekUser
|     |       |  |
|     null    |  com.tekdays.TekUser@13aa54f1
|             false
[tekUserInstance:null]

	at com.tekdays.TekUserControllerSpec.Test that the show action returns the correct model(TekUserControllerSpec.groovy:75)

Testcase: Test that the edit action returns the correct model took 0.017 sec
	FAILED
Condition not satisfied:

model.tekUser == tekUser
|     |       |  |
|     null    |  com.tekdays.TekUser@74e4be21
|             false
[tekUserInstance:null]

junit.framework.AssertionFailedError: Condition not satisfied:

model.tekUser == tekUser
|     |       |  |
|     null    |  com.tekdays.TekUser@74e4be21
|             false
[tekUserInstance:null]

	at com.tekdays.TekUserControllerSpec.Test that the edit action returns the correct model(TekUserControllerSpec.groovy:91)

Testcase: Test the update action performs an update on a valid domain instance took 0.036 sec
	FAILED
Condition not satisfied:

model.tekUser == tekUser
|     |       |  |
|     null    |  com.tekdays.TekUser@cfacf0
|             false
[tekUserInstance:null]

junit.framework.AssertionFailedError: Condition not satisfied:

model.tekUser == tekUser
|     |       |  |
|     null    |  com.tekdays.TekUser@cfacf0
|             false
[tekUserInstance:null]

	at com.tekdays.TekUserControllerSpec.Test the update action performs an update on a valid domain instance(TekUserControllerSpec.groovy:113)

Testcase: Test that the delete action deletes an instance if it exists took 0.018 sec
